{"level":"error","message":"SQLITE_ERROR: table greenhouse already exists"}
{"level":"error","message":"SQLITE_ERROR: table greenhouse already exists"}
{"level":"error","message":"SQLITE_ERROR: table greenhouse already exists"}
{"level":"error","message":"SQLITE_ERROR: table greenhouse already exists"}
{"level":"error","message":"SQLITE_ERROR: table greenhouse already exists"}
{"level":"error","message":"SQLITE_ERROR: table greenhouse already exists"}
{"level":"error","message":"SQLITE_ERROR: table greenhouse already exists"}
{"level":"error","message":"SQLITE_ERROR: table greenhouse already exists"}
{"level":"error","message":"SQLITE_ERROR: table greenhouse already exists"}
{"level":"error","message":"SQLITE_ERROR: table greenhouse already exists"}
{"level":"error","message":"SQLITE_ERROR: table greenhouse already exists"}
{"level":"error","message":"SQLITE_ERROR: table greenhouse already exists"}
{"level":"error","message":"SQLITE_ERROR: table greenhouse already exists"}
{"level":"error","message":"SQLITE_ERROR: table greenhouse already exists"}
{"level":"error","message":"SQLITE_ERROR: table greenhouse already exists"}
{"level":"error","message":"SQLITE_ERROR: table greenhouse already exists"}
{"level":"error","message":"SQLITE_ERROR: table greenhouse already exists"}
{"level":"error","message":"SQLITE_ERROR: table greenhouse already exists"}
{"level":"error","message":"SQLITE_ERROR: table greenhouse already exists"}
{"level":"error","message":"SQLITE_ERROR: table greenhouse already exists"}
{"level":"error","message":"SQLITE_ERROR: table greenhouse already exists"}
{"level":"error","message":"SQLITE_ERROR: table greenhouse already exists"}
{"level":"error","message":"SQLITE_ERROR: table greenhouse already exists"}
{"level":"error","message":"SQLITE_ERROR: table greenhouse already exists"}
{"level":"error","message":"SQLITE_ERROR: table greenhouse already exists"}
{"level":"error","message":"SQLITE_ERROR: no such table: greenhouse"}
{"level":"error","message":"SQLITE_ERROR: table greenhouse already exists"}
{"level":"error","message":"SQLITE_ERROR: no such table: greenhouse"}
{"level":"error","message":"SQLITE_ERROR: table greenhouse already exists"}
{"level":"error","message":"SQLITE_ERROR: table greenhouse already exists"}
{"level":"error"}
{"level":"error","message":"SQLITE_ERROR: table greenhouse already exists"}
{"level":"error"}
{"level":"error"}
{"level":"error","message":"SQLITE_ERROR: table greenhouse already exists"}
{"level":"error"}
{"level":"error","message":"SQLITE_ERROR: table greenhouse already exists"}
{"level":"error"}
{"level":"error","message":"SQLITE_ERROR: table greenhouse already exists"}
{"level":"error"}
{"level":"error","message":"SQLITE_ERROR: table greenhouse already exists"}
{"level":"error","message":"SQLITE_ERROR: no such table: greenhouse"}
{"level":"error"}
{"level":"error","message":"SQLITE_ERROR: table greenhouse already exists"}
{"level":"error","message":"SQLITE_ERROR: table greenhouse already exists"}
{"level":"error","message":"SQLITE_ERROR: table countries already exists"}
{"level":"error","message":"SQLITE_ERROR: table countries already exists"}
{"level":"error","message":"SQLITE_ERROR: table countries already exists"}
{"level":"error","message":"SQLITE_ERROR: table countries already exists"}
{"level":"error"}
{"level":"error","message":"SQLITE_ERROR: table countries already exists"}
{"level":"error"}
{"level":"error"}
{"level":"error"}
{"level":"error","message":"SQLITE_ERROR: table countries already exists"}
{"level":"error","message":"SQLITE_ERROR: table countries already exists"}
{"level":"error","message":"SQLITE_ERROR: table countries already exists"}
{"level":"error","message":"SQLITE_ERROR: table countries already exists"}
{"level":"error","message":"SQLITE_ERROR: table countries already exists"}
{"level":"error","message":"SQLITE_ERROR: table countries already exists"}
{"level":"error"}
{"level":"error"}
{"level":"error","message":"SQLITE_ERROR: table countries already exists"}
{"level":"error","message":"SQLITE_ERROR: table countries already exists"}
{"level":"error","message":"SQLITE_ERROR: table countries already exists"}
{"level":"error","message":"SQLITE_ERROR: table countries already exists"}
{"level":"error","message":"SQLITE_ERROR: table countries already exists"}
{"level":"error","message":"SQLITE_ERROR: table countries already exists"}
{"level":"error","message":"SQLITE_ERROR: table countries already exists"}
{"level":"error","message":"SQLITE_ERROR: table countries already exists"}
{"level":"error","message":"SQLITE_ERROR: table countries already exists"}
{"level":"error","message":"SQLITE_ERROR: table countries already exists"}
{"level":"error","message":"SQLITE_ERROR: table countries already exists"}
{"level":"error","message":"SQLITE_ERROR: table countries already exists"}
{"level":"error","message":"SQLITE_ERROR: table countries already exists"}
{"level":"error","message":"SQLITE_ERROR: table countries already exists"}
{"level":"error","message":"SQLITE_ERROR: table countries already exists"}
{"level":"error","message":"SQLITE_ERROR: table countries already exists"}
{"level":"error","message":"SQLITE_ERROR: table countries already exists"}
{"level":"error","message":"SQLITE_ERROR: table countries already exists"}
{"level":"error","message":"SQLITE_ERROR: table countries already exists"}
{"level":"error","message":"SQLITE_ERROR: table countries already exists"}
{"level":"error","message":"SQLITE_ERROR: table countries already exists"}
{"level":"error","message":"SQLITE_ERROR: table countries already exists"}
{"level":"error","message":"SQLITE_ERROR: table countries already exists"}
{"level":"error","message":"SQLITE_ERROR: table countries already exists"}
{"level":"error","message":"SQLITE_ERROR: table countries already exists"}
{"level":"error","message":"SQLITE_ERROR: table countries already exists"}
{"level":"error","message":"SQLITE_ERROR: table countries already exists"}
{"level":"error","message":"SQLITE_ERROR: table countries already exists"}
{"level":"error","message":"SQLITE_ERROR: table countries already exists"}
{"level":"error","message":"SQLITE_ERROR: table countries already exists"}
{"level":"error","message":"SQLITE_ERROR: table countries already exists"}
{"level":"error","message":"SQLITE_ERROR: table countries already exists"}
{"level":"error","message":"SQLITE_ERROR: table countries already exists"}
{"level":"error","message":"SQLITE_ERROR: table countries already exists"}
{"level":"error","message":"SQLITE_ERROR: table countries already exists"}
{"level":"error","message":"SQLITE_ERROR: table countries already exists"}
{"level":"error","message":"SQLITE_ERROR: table countries already exists"}
{"level":"error","message":"SQLITE_ERROR: table countries already exists"}
{"level":"error","message":"SQLITE_ERROR: table countries already exists"}
{"level":"error","message":"SQLITE_ERROR: table countries already exists"}
{"level":"error","message":"SQLITE_ERROR: table countries already exists"}
{"level":"error","message":"SQLITE_ERROR: table countries already exists"}
{"level":"error","message":"SQLITE_ERROR: table countries already exists"}
{"level":"error","message":"SQLITE_ERROR: table countries already exists"}
{"level":"error","message":"SQLITE_ERROR: table countries already exists"}
{"level":"error","message":"SQLITE_ERROR: table countries already exists"}
{"level":"error","message":"SQLITE_ERROR: table countries already exists"}
{"level":"error","message":"SQLITE_ERROR: table countries already exists"}
{"level":"error","message":"SQLITE_ERROR: table countries already exists"}
{"level":"error","message":"SQLITE_ERROR: table countries already exists"}
{"level":"error","message":"SQLITE_ERROR: table countries already exists"}
{"level":"error","message":"SQLITE_ERROR: table countries already exists"}
{"level":"error","message":"SQLITE_ERROR: table countries already exists"}
{"level":"error","message":"SQLITE_ERROR: table countries already exists"}
{"level":"error","message":"SQLITE_ERROR: table countries already exists"}
{"level":"error","message":"SQLITE_ERROR: table countries already exists"}
{"level":"error","message":"SQLITE_ERROR: table countries already exists"}
{"level":"error","message":"SQLITE_ERROR: table countries already exists"}
{"level":"error","message":"SQLITE_ERROR: table countries already exists"}
{"level":"error","message":"SQLITE_ERROR: table countries already exists"}
{"level":"error","message":"SQLITE_ERROR: table countries already exists"}
{"level":"error","message":"SQLITE_ERROR: table countries already exists"}
{"level":"error","message":"SQLITE_ERROR: table countries already exists"}
{"level":"error","message":"SQLITE_ERROR: near \"BETWEEN\": syntax error","status":"failed"}
{"level":"error","message":"SQLITE_ERROR: near \"BETWEEN\": syntax error","status":"failed"}
{"level":"error","message":"SQLITE_ERROR: table countries already exists"}
{"level":"error","message":"SQLITE_ERROR: table countries already exists"}
{"level":"error","message":"SQLITE_ERROR: table countries already exists"}
{"level":"error","message":"SQLITE_ERROR: table countries already exists"}
{"level":"error","message":"SQLITE_ERROR: table countries already exists"}
{"level":"error","message":"SQLITE_ERROR: table countries already exists"}
{"level":"error","message":"SQLITE_ERROR: table countries already exists"}
{"level":"error","message":"SQLITE_ERROR: table countries already exists"}
{"level":"error","message":"SQLITE_ERROR: table countries already exists"}
{"level":"error","message":"SQLITE_ERROR: table countries already exists"}
{"level":"error","message":"SQLITE_ERROR: table countries already exists"}
{"level":"error","message":"SQLITE_ERROR: table countries already exists"}
{"level":"error","message":"SQLITE_ERROR: table countries already exists"}
{"level":"error","message":"SQLITE_ERROR: table countries already exists"}
{"level":"error","message":"SQLITE_ERROR: table countries already exists"}
{"level":"error","message":"SQLITE_ERROR: table countries already exists"}
{"level":"error","message":"SQLITE_ERROR: table countries already exists"}
{"level":"error","message":"SQLITE_ERROR: table countries already exists"}
{"level":"error","message":"SQLITE_ERROR: table countries already exists"}
{"level":"error","message":"SQLITE_ERROR: table countries already exists"}
{"level":"error","message":"Invalid Paramters","status":"failed"}
{"level":"error","message":"SQLITE_ERROR: table countries already exists"}
{"level":"error","message":"SQLITE_ERROR: no such column: filter","status":"failed"}
{"level":"error","message":"SQLITE_ERROR: no such column: filter","status":"failed"}
{"level":"error","message":"SQLITE_ERROR: table countries already exists"}
{"level":"error","message":"SQLITE_ERROR: no such column: filter","status":"failed"}
{"level":"error","message":"SQLITE_ERROR: table countries already exists"}
{"level":"error","message":"SQLITE_ERROR: no such column: filter","status":"failed"}
{"level":"error","message":"SQLITE_ERROR: table countries already exists"}
{"level":"error","message":"SQLITE_ERROR: table countries already exists"}
{"level":"error","message":"SQLITE_ERROR: table countries already exists"}
